<?xml version="1.0" encoding="UTF-8"?>
<testsuite name="storage.api.HdfsServiceSpec" tests="1" skipped="0" failures="0" errors="0" timestamp="2016-11-17T10:00:24" hostname="client" time="0.683">
  <properties/>
  <testcase name="test something" classname="storage.api.HdfsServiceSpec" time="0.683"/>
  <system-out><![CDATA[]]></system-out>
  <system-err><![CDATA[]]></system-err>
</testsuite>
