<?xml version="1.0" encoding="UTF-8"?>
<testsuite name="storage.api.NodeControllerSpec" tests="1" skipped="0" failures="0" errors="0" timestamp="2016-11-17T10:00:25" hostname="client" time="0.217">
  <properties/>
  <testcase name="test something" classname="storage.api.NodeControllerSpec" time="0.217"/>
  <system-out><![CDATA[]]></system-out>
  <system-err><![CDATA[]]></system-err>
</testsuite>
