<?xml version="1.0" encoding="UTF-8"?>
<testsuite name="storage.api.ProjectSpec" tests="1" skipped="0" failures="0" errors="0" timestamp="2016-11-17T10:00:23" hostname="client" time="0.191">
  <properties/>
  <testcase name="test something" classname="storage.api.ProjectSpec" time="0.191"/>
  <system-out><![CDATA[]]></system-out>
  <system-err><![CDATA[]]></system-err>
</testsuite>
