<?xml version="1.0" encoding="UTF-8"?>
<testsuite name="storage.api.ContainerControllerSpec" tests="1" skipped="0" failures="0" errors="0" timestamp="2016-11-17T10:00:21" hostname="client" time="1.803">
  <properties/>
  <testcase name="test something" classname="storage.api.ContainerControllerSpec" time="1.803"/>
  <system-out><![CDATA[]]></system-out>
  <system-err><![CDATA[SLF4J: Class path contains multiple SLF4J bindings.
SLF4J: Found binding in [jar:file:/home/spiderdt/.gradle/caches/modules-2/files-2.1/ch.qos.logback/logback-classic/1.1.7/9865cf6994f9ff13fce0bf93f2054ef6c65bb462/logback-classic-1.1.7.jar!/org/slf4j/impl/StaticLoggerBinder.class]
SLF4J: Found binding in [jar:file:/home/spiderdt/.gradle/caches/modules-2/files-2.1/org.slf4j/slf4j-log4j12/1.7.21/7238b064d1aba20da2ac03217d700d91e02460fa/slf4j-log4j12-1.7.21.jar!/org/slf4j/impl/StaticLoggerBinder.class]
SLF4J: See http://www.slf4j.org/codes.html#multiple_bindings for an explanation.
SLF4J: Actual binding is of type [ch.qos.logback.classic.util.ContextSelectorStaticBinder]
]]></system-err>
</testsuite>
